Test: tests/test_buy_product.py::test_buy_product (call)
Start time: 2024-04-13 20:23:26.324342
Start name method: authorization

End time: 2024-04-13 20:23:33.060644
End name method: authorization
URL: https://zlatoz.ru/

-----

Test: tests/test_buy_product.py::test_buy_product (call)
Start time: 2024-04-13 20:23:33.061644
Start name method: open_product_page

End time: 2024-04-13 20:23:35.553072
End name method: open_product_page
URL: https://zlatoz.ru/catalog/nozhi_ukrashennye_/

-----

Test: tests/test_buy_product.py::test_buy_product (call)
Start time: 2024-04-13 20:23:35.553072
Start name method: select_product

End time: 2024-04-13 20:23:35.873069
End name method: select_product
URL: https://zlatoz.ru/catalog/nozhi_ukrashennye_/

-----

