Test: tests/test_buy_product.py::test_buy_product (call)
Start time: 2024-04-13 22:19:43.996296
Start name method: authorization

End time: 2024-04-13 22:19:50.442915
End name method: authorization
URL: https://zlatoz.ru/

-----

Test: tests/test_buy_product.py::test_buy_product (call)
Start time: 2024-04-13 22:19:50.443921
Start name method: open_product_page

End time: 2024-04-13 22:19:53.193087
End name method: open_product_page
URL: https://zlatoz.ru/catalog/nozhi_ukrashennye_/

-----

Test: tests/test_buy_product.py::test_buy_product (call)
Start time: 2024-04-13 22:19:53.193087
Start name method: select_product

End time: 2024-04-13 22:19:54.183557
End name method: select_product
URL: https://zlatoz.ru/catalog/nozhi_ukrashennye_/

-----

