Test: tests/test_buy_product.py::test_buy_product (call)
Start time: 2024-04-13 22:19:13.102370
Start name method: authorization

End time: 2024-04-13 22:19:19.634294
End name method: authorization
URL: https://zlatoz.ru/

-----

Test: tests/test_buy_product.py::test_buy_product (call)
Start time: 2024-04-13 22:19:19.634294
Start name method: open_product_page

End time: 2024-04-13 22:19:22.355044
End name method: open_product_page
URL: https://zlatoz.ru/catalog/nozhi_ukrashennye_/

-----

Test: tests/test_buy_product.py::test_buy_product (call)
Start time: 2024-04-13 22:19:22.355044
Start name method: select_product

End time: 2024-04-13 22:19:23.303914
End name method: select_product
URL: https://zlatoz.ru/catalog/nozhi_ukrashennye_/

-----

