Test: tests/test_buy_product.py::test_buy_product (call)
Start time: 2024-04-13 22:06:39.475768
Start name method: authorization

End time: 2024-04-13 22:06:46.543762
End name method: authorization
URL: https://zlatoz.ru/

-----

Test: tests/test_buy_product.py::test_buy_product (call)
Start time: 2024-04-13 22:06:46.543762
Start name method: open_product_page

End time: 2024-04-13 22:06:49.136172
End name method: open_product_page
URL: https://zlatoz.ru/catalog/nozhi_ukrashennye_/

-----

Test: tests/test_buy_product.py::test_buy_product (call)
Start time: 2024-04-13 22:06:49.137177
Start name method: select_product

End time: 2024-04-13 22:06:50.109329
End name method: select_product
URL: https://zlatoz.ru/catalog/nozhi_ukrashennye_/

-----

